The target system is: Android - 13 - armv7-a
The host system is: Darwin - 15.0.0 - x86_64
Determining if the C compiler works passed with the following output:
Change Dir: /Volumes/Elements/proj/native_activity_4/hello-libs/app/.externalNativeBuild/cmake/release/armeabi-v7a/CMakeFiles/CMakeTmp

Run Build Command:"/Volumes/Elements/Library/Android/cmake/3.6.3155560/bin/ninja" "cmTC_de3b4"
[1/2] Building C object CMakeFiles/cmTC_de3b4.dir/testCCompiler.c.o
[2/2] Linking C executable cmTC_de3b4


Detecting C compiler ABI info compiled with the following output:
Change Dir: /Volumes/Elements/proj/native_activity_4/hello-libs/app/.externalNativeBuild/cmake/release/armeabi-v7a/CMakeFiles/CMakeTmp

Run Build Command:"/Volumes/Elements/Library/Android/cmake/3.6.3155560/bin/ninja" "cmTC_6ee9b"
[1/2] Building C object CMakeFiles/cmTC_6ee9b.dir/CMakeCCompilerABI.c.o
[2/2] Linking C executable cmTC_6ee9b
Android clang version 3.8.256229  (based on LLVM 3.8.256229)
Target: armv7-none-linux-android
Thread model: posix
InstalledDir: /Volumes/Elements/Library/Android/ndk-bundle/toolchains/llvm/prebuilt/darwin-x86_64/bin
Found candidate GCC installation: /Volumes/Elements/Library/Android/ndk-bundle/toolchains/arm-linux-androideabi-4.9/prebuilt/darwin-x86_64/lib/gcc/arm-linux-androideabi/4.9.x
Selected GCC installation: /Volumes/Elements/Library/Android/ndk-bundle/toolchains/arm-linux-androideabi-4.9/prebuilt/darwin-x86_64/lib/gcc/arm-linux-androideabi/4.9.x
Candidate multilib: .;@m32
Selected multilib: .;@m32
 "/Volumes/Elements/Library/Android/ndk-bundle/toolchains/arm-linux-androideabi-4.9/prebuilt/darwin-x86_64/lib/gcc/arm-linux-androideabi/4.9.x/../../../../arm-linux-androideabi/bin/ld" --sysroot=/Volumes/Elements/Library/Android/ndk-bundle/platforms/android-13/arch-arm -X --eh-frame-hdr -m armelf_linux_eabi -dynamic-linker /system/bin/linker -o cmTC_6ee9b /Volumes/Elements/Library/Android/ndk-bundle/platforms/android-13/arch-arm/usr/lib/../lib/crtbegin_dynamic.o -L/Volumes/Elements/Library/Android/ndk-bundle/toolchains/arm-linux-androideabi-4.9/prebuilt/darwin-x86_64/lib/gcc/arm-linux-androideabi/4.9.x -L/Volumes/Elements/Library/Android/ndk-bundle/toolchains/arm-linux-androideabi-4.9/prebuilt/darwin-x86_64/lib/gcc/arm-linux-androideabi/4.9.x/../../../../arm-linux-androideabi/lib/../lib -L/Volumes/Elements/Library/Android/ndk-bundle/platforms/android-13/arch-arm/usr/lib/../lib -L/Volumes/Elements/Library/Android/ndk-bundle/toolchains/arm-linux-androideabi-4.9/prebuilt/darwin-x86_64/lib/gcc/arm-linux-androideabi/4.9.x/../../../../arm-linux-androideabi/lib -L/Volumes/Elements/Library/Android/ndk-bundle/platforms/android-13/arch-arm/usr/lib --build-id --warn-shared-textrel --fatal-warnings --fix-cortex-a8 --no-undefined -z noexecstack -z relro -z now --gc-sections -z nocopyreloc --build-id --warn-shared-textrel --fatal-warnings --fix-cortex-a8 --no-undefined -z noexecstack -z relro -z now --gc-sections -z nocopyreloc CMakeFiles/cmTC_6ee9b.dir/CMakeCCompilerABI.c.o -lgcc -ldl -lc -lgcc -ldl /Volumes/Elements/Library/Android/ndk-bundle/platforms/android-13/arch-arm/usr/lib/../lib/crtend_android.o


Parsed C implicit link information from above output:
  link line regex: [^( *|.*[/\])(arm-linux-androideabi-ld|([^/\]+-)?ld|collect2)[^/\]*( |$)]
  ignore line: [Change Dir: /Volumes/Elements/proj/native_activity_4/hello-libs/app/.externalNativeBuild/cmake/release/armeabi-v7a/CMakeFiles/CMakeTmp]
  ignore line: []
  ignore line: [Run Build Command:"/Volumes/Elements/Library/Android/cmake/3.6.3155560/bin/ninja" "cmTC_6ee9b"]
  ignore line: [[1/2] Building C object CMakeFiles/cmTC_6ee9b.dir/CMakeCCompilerABI.c.o]
  ignore line: [[2/2] Linking C executable cmTC_6ee9b]
  ignore line: [Android clang version 3.8.256229  (based on LLVM 3.8.256229)]
  ignore line: [Target: armv7-none-linux-android]
  ignore line: [Thread model: posix]
  ignore line: [InstalledDir: /Volumes/Elements/Library/Android/ndk-bundle/toolchains/llvm/prebuilt/darwin-x86_64/bin]
  ignore line: [Found candidate GCC installation: /Volumes/Elements/Library/Android/ndk-bundle/toolchains/arm-linux-androideabi-4.9/prebuilt/darwin-x86_64/lib/gcc/arm-linux-androideabi/4.9.x]
  ignore line: [Selected GCC installation: /Volumes/Elements/Library/Android/ndk-bundle/toolchains/arm-linux-androideabi-4.9/prebuilt/darwin-x86_64/lib/gcc/arm-linux-androideabi/4.9.x]
  ignore line: [Candidate multilib: .]
  ignore line: [@m32]
  ignore line: [Selected multilib: .]
  ignore line: [@m32]
  link line: [ "/Volumes/Elements/Library/Android/ndk-bundle/toolchains/arm-linux-androideabi-4.9/prebuilt/darwin-x86_64/lib/gcc/arm-linux-androideabi/4.9.x/../../../../arm-linux-androideabi/bin/ld" --sysroot=/Volumes/Elements/Library/Android/ndk-bundle/platforms/android-13/arch-arm -X --eh-frame-hdr -m armelf_linux_eabi -dynamic-linker /system/bin/linker -o cmTC_6ee9b /Volumes/Elements/Library/Android/ndk-bundle/platforms/android-13/arch-arm/usr/lib/../lib/crtbegin_dynamic.o -L/Volumes/Elements/Library/Android/ndk-bundle/toolchains/arm-linux-androideabi-4.9/prebuilt/darwin-x86_64/lib/gcc/arm-linux-androideabi/4.9.x -L/Volumes/Elements/Library/Android/ndk-bundle/toolchains/arm-linux-androideabi-4.9/prebuilt/darwin-x86_64/lib/gcc/arm-linux-androideabi/4.9.x/../../../../arm-linux-androideabi/lib/../lib -L/Volumes/Elements/Library/Android/ndk-bundle/platforms/android-13/arch-arm/usr/lib/../lib -L/Volumes/Elements/Library/Android/ndk-bundle/toolchains/arm-linux-androideabi-4.9/prebuilt/darwin-x86_64/lib/gcc/arm-linux-androideabi/4.9.x/../../../../arm-linux-androideabi/lib -L/Volumes/Elements/Library/Android/ndk-bundle/platforms/android-13/arch-arm/usr/lib --build-id --warn-shared-textrel --fatal-warnings --fix-cortex-a8 --no-undefined -z noexecstack -z relro -z now --gc-sections -z nocopyreloc --build-id --warn-shared-textrel --fatal-warnings --fix-cortex-a8 --no-undefined -z noexecstack -z relro -z now --gc-sections -z nocopyreloc CMakeFiles/cmTC_6ee9b.dir/CMakeCCompilerABI.c.o -lgcc -ldl -lc -lgcc -ldl /Volumes/Elements/Library/Android/ndk-bundle/platforms/android-13/arch-arm/usr/lib/../lib/crtend_android.o]
    arg [/Volumes/Elements/Library/Android/ndk-bundle/toolchains/arm-linux-androideabi-4.9/prebuilt/darwin-x86_64/lib/gcc/arm-linux-androideabi/4.9.x/../../../../arm-linux-androideabi/bin/ld] ==> ignore
    arg [--sysroot=/Volumes/Elements/Library/Android/ndk-bundle/platforms/android-13/arch-arm] ==> ignore
    arg [-X] ==> ignore
    arg [--eh-frame-hdr] ==> ignore
    arg [-m] ==> ignore
    arg [armelf_linux_eabi] ==> ignore
    arg [-dynamic-linker] ==> ignore
    arg [/system/bin/linker] ==> ignore
    arg [-o] ==> ignore
    arg [cmTC_6ee9b] ==> ignore
    arg [/Volumes/Elements/Library/Android/ndk-bundle/platforms/android-13/arch-arm/usr/lib/../lib/crtbegin_dynamic.o] ==> ignore
    arg [-L/Volumes/Elements/Library/Android/ndk-bundle/toolchains/arm-linux-androideabi-4.9/prebuilt/darwin-x86_64/lib/gcc/arm-linux-androideabi/4.9.x] ==> dir [/Volumes/Elements/Library/Android/ndk-bundle/toolchains/arm-linux-androideabi-4.9/prebuilt/darwin-x86_64/lib/gcc/arm-linux-androideabi/4.9.x]
    arg [-L/Volumes/Elements/Library/Android/ndk-bundle/toolchains/arm-linux-androideabi-4.9/prebuilt/darwin-x86_64/lib/gcc/arm-linux-androideabi/4.9.x/../../../../arm-linux-androideabi/lib/../lib] ==> dir [/Volumes/Elements/Library/Android/ndk-bundle/toolchains/arm-linux-androideabi-4.9/prebuilt/darwin-x86_64/lib/gcc/arm-linux-androideabi/4.9.x/../../../../arm-linux-androideabi/lib/../lib]
    arg [-L/Volumes/Elements/Library/Android/ndk-bundle/platforms/android-13/arch-arm/usr/lib/../lib] ==> dir [/Volumes/Elements/Library/Android/ndk-bundle/platforms/android-13/arch-arm/usr/lib/../lib]
    arg [-L/Volumes/Elements/Library/Android/ndk-bundle/toolchains/arm-linux-androideabi-4.9/prebuilt/darwin-x86_64/lib/gcc/arm-linux-androideabi/4.9.x/../../../../arm-linux-androideabi/lib] ==> dir [/Volumes/Elements/Library/Android/ndk-bundle/toolchains/arm-linux-androideabi-4.9/prebuilt/darwin-x86_64/lib/gcc/arm-linux-androideabi/4.9.x/../../../../arm-linux-androideabi/lib]
    arg [-L/Volumes/Elements/Library/Android/ndk-bundle/platforms/android-13/arch-arm/usr/lib] ==> dir [/Volumes/Elements/Library/Android/ndk-bundle/platforms/android-13/arch-arm/usr/lib]
    arg [--build-id] ==> ignore
    arg [--warn-shared-textrel] ==> ignore
    arg [--fatal-warnings] ==> ignore
    arg [--fix-cortex-a8] ==> ignore
    arg [--no-undefined] ==> ignore
    arg [-znoexecstack] ==> ignore
    arg [-zrelro] ==> ignore
    arg [-znow] ==> ignore
    arg [--gc-sections] ==> ignore
    arg [-znocopyreloc] ==> ignore
    arg [--build-id] ==> ignore
    arg [--warn-shared-textrel] ==> ignore
    arg [--fatal-warnings] ==> ignore
    arg [--fix-cortex-a8] ==> ignore
    arg [--no-undefined] ==> ignore
    arg [-znoexecstack] ==> ignore
    arg [-zrelro] ==> ignore
    arg [-znow] ==> ignore
    arg [--gc-sections] ==> ignore
    arg [-znocopyreloc] ==> ignore
    arg [CMakeFiles/cmTC_6ee9b.dir/CMakeCCompilerABI.c.o] ==> ignore
    arg [-lgcc] ==> lib [gcc]
    arg [-ldl] ==> lib [dl]
    arg [-lc] ==> lib [c]
    arg [-lgcc] ==> lib [gcc]
    arg [-ldl] ==> lib [dl]
    arg [/Volumes/Elements/Library/Android/ndk-bundle/platforms/android-13/arch-arm/usr/lib/../lib/crtend_android.o] ==> ignore
  remove lib [gcc]
  remove lib [gcc]
  collapse library dir [/Volumes/Elements/Library/Android/ndk-bundle/toolchains/arm-linux-androideabi-4.9/prebuilt/darwin-x86_64/lib/gcc/arm-linux-androideabi/4.9.x] ==> [/Volumes/Elements/Library/Android/ndk-bundle/toolchains/arm-linux-androideabi-4.9/prebuilt/darwin-x86_64/lib/gcc/arm-linux-androideabi/4.9.x]
  collapse library dir [/Volumes/Elements/Library/Android/ndk-bundle/toolchains/arm-linux-androideabi-4.9/prebuilt/darwin-x86_64/lib/gcc/arm-linux-androideabi/4.9.x/../../../../arm-linux-androideabi/lib/../lib] ==> [/Volumes/Elements/Library/Android/ndk-bundle/toolchains/arm-linux-androideabi-4.9/prebuilt/darwin-x86_64/arm-linux-androideabi/lib]
  collapse library dir [/Volumes/Elements/Library/Android/ndk-bundle/platforms/android-13/arch-arm/usr/lib/../lib] ==> [/Volumes/Elements/Library/Android/ndk-bundle/platforms/android-13/arch-arm/usr/lib]
  collapse library dir [/Volumes/Elements/Library/Android/ndk-bundle/toolchains/arm-linux-androideabi-4.9/prebuilt/darwin-x86_64/lib/gcc/arm-linux-androideabi/4.9.x/../../../../arm-linux-androideabi/lib] ==> [/Volumes/Elements/Library/Android/ndk-bundle/toolchains/arm-linux-androideabi-4.9/prebuilt/darwin-x86_64/arm-linux-androideabi/lib]
  collapse library dir [/Volumes/Elements/Library/Android/ndk-bundle/platforms/android-13/arch-arm/usr/lib] ==> [/Volumes/Elements/Library/Android/ndk-bundle/platforms/android-13/arch-arm/usr/lib]
  implicit libs: [dl;c;dl]
  implicit dirs: [/Volumes/Elements/Library/Android/ndk-bundle/toolchains/arm-linux-androideabi-4.9/prebuilt/darwin-x86_64/lib/gcc/arm-linux-androideabi/4.9.x;/Volumes/Elements/Library/Android/ndk-bundle/toolchains/arm-linux-androideabi-4.9/prebuilt/darwin-x86_64/arm-linux-androideabi/lib;/Volumes/Elements/Library/Android/ndk-bundle/platforms/android-13/arch-arm/usr/lib]
  implicit fwks: []


Determining if the CXX compiler works passed with the following output:
Change Dir: /Volumes/Elements/proj/native_activity_4/hello-libs/app/.externalNativeBuild/cmake/release/armeabi-v7a/CMakeFiles/CMakeTmp

Run Build Command:"/Volumes/Elements/Library/Android/cmake/3.6.3155560/bin/ninja" "cmTC_16c61"
[1/2] Building CXX object CMakeFiles/cmTC_16c61.dir/testCXXCompiler.cxx.o
[2/2] Linking CXX executable cmTC_16c61


Detecting CXX compiler ABI info compiled with the following output:
Change Dir: /Volumes/Elements/proj/native_activity_4/hello-libs/app/.externalNativeBuild/cmake/release/armeabi-v7a/CMakeFiles/CMakeTmp

Run Build Command:"/Volumes/Elements/Library/Android/cmake/3.6.3155560/bin/ninja" "cmTC_81841"
[1/2] Building CXX object CMakeFiles/cmTC_81841.dir/CMakeCXXCompilerABI.cpp.o
[2/2] Linking CXX executable cmTC_81841
Android clang version 3.8.256229  (based on LLVM 3.8.256229)
Target: armv7-none-linux-android
Thread model: posix
InstalledDir: /Volumes/Elements/Library/Android/ndk-bundle/toolchains/llvm/prebuilt/darwin-x86_64/bin
Found candidate GCC installation: /Volumes/Elements/Library/Android/ndk-bundle/toolchains/arm-linux-androideabi-4.9/prebuilt/darwin-x86_64/lib/gcc/arm-linux-androideabi/4.9.x
Selected GCC installation: /Volumes/Elements/Library/Android/ndk-bundle/toolchains/arm-linux-androideabi-4.9/prebuilt/darwin-x86_64/lib/gcc/arm-linux-androideabi/4.9.x
Candidate multilib: .;@m32
Selected multilib: .;@m32
 "/Volumes/Elements/Library/Android/ndk-bundle/toolchains/arm-linux-androideabi-4.9/prebuilt/darwin-x86_64/lib/gcc/arm-linux-androideabi/4.9.x/../../../../arm-linux-androideabi/bin/ld" --sysroot=/Volumes/Elements/Library/Android/ndk-bundle/platforms/android-13/arch-arm -X --eh-frame-hdr -m armelf_linux_eabi -dynamic-linker /system/bin/linker -o cmTC_81841 /Volumes/Elements/Library/Android/ndk-bundle/platforms/android-13/arch-arm/usr/lib/../lib/crtbegin_dynamic.o -L/Volumes/Elements/Library/Android/ndk-bundle/toolchains/arm-linux-androideabi-4.9/prebuilt/darwin-x86_64/lib/gcc/arm-linux-androideabi/4.9.x -L/Volumes/Elements/Library/Android/ndk-bundle/toolchains/arm-linux-androideabi-4.9/prebuilt/darwin-x86_64/lib/gcc/arm-linux-androideabi/4.9.x/../../../../arm-linux-androideabi/lib/../lib -L/Volumes/Elements/Library/Android/ndk-bundle/platforms/android-13/arch-arm/usr/lib/../lib -L/Volumes/Elements/Library/Android/ndk-bundle/toolchains/arm-linux-androideabi-4.9/prebuilt/darwin-x86_64/lib/gcc/arm-linux-androideabi/4.9.x/../../../../arm-linux-androideabi/lib -L/Volumes/Elements/Library/Android/ndk-bundle/platforms/android-13/arch-arm/usr/lib --build-id --warn-shared-textrel --fatal-warnings --fix-cortex-a8 --no-undefined -z noexecstack -z relro -z now --gc-sections -z nocopyreloc --build-id --warn-shared-textrel --fatal-warnings --fix-cortex-a8 --no-undefined -z noexecstack -z relro -z now --gc-sections -z nocopyreloc CMakeFiles/cmTC_81841.dir/CMakeCXXCompilerABI.cpp.o -lstdc++ -lm -lgcc -lgcc -ldl -lc -lgcc -lgcc -ldl /Volumes/Elements/Library/Android/ndk-bundle/platforms/android-13/arch-arm/usr/lib/../lib/crtend_android.o


Parsed CXX implicit link information from above output:
  link line regex: [^( *|.*[/\])(arm-linux-androideabi-ld|([^/\]+-)?ld|collect2)[^/\]*( |$)]
  ignore line: [Change Dir: /Volumes/Elements/proj/native_activity_4/hello-libs/app/.externalNativeBuild/cmake/release/armeabi-v7a/CMakeFiles/CMakeTmp]
  ignore line: []
  ignore line: [Run Build Command:"/Volumes/Elements/Library/Android/cmake/3.6.3155560/bin/ninja" "cmTC_81841"]
  ignore line: [[1/2] Building CXX object CMakeFiles/cmTC_81841.dir/CMakeCXXCompilerABI.cpp.o]
  ignore line: [[2/2] Linking CXX executable cmTC_81841]
  ignore line: [Android clang version 3.8.256229  (based on LLVM 3.8.256229)]
  ignore line: [Target: armv7-none-linux-android]
  ignore line: [Thread model: posix]
  ignore line: [InstalledDir: /Volumes/Elements/Library/Android/ndk-bundle/toolchains/llvm/prebuilt/darwin-x86_64/bin]
  ignore line: [Found candidate GCC installation: /Volumes/Elements/Library/Android/ndk-bundle/toolchains/arm-linux-androideabi-4.9/prebuilt/darwin-x86_64/lib/gcc/arm-linux-androideabi/4.9.x]
  ignore line: [Selected GCC installation: /Volumes/Elements/Library/Android/ndk-bundle/toolchains/arm-linux-androideabi-4.9/prebuilt/darwin-x86_64/lib/gcc/arm-linux-androideabi/4.9.x]
  ignore line: [Candidate multilib: .]
  ignore line: [@m32]
  ignore line: [Selected multilib: .]
  ignore line: [@m32]
  link line: [ "/Volumes/Elements/Library/Android/ndk-bundle/toolchains/arm-linux-androideabi-4.9/prebuilt/darwin-x86_64/lib/gcc/arm-linux-androideabi/4.9.x/../../../../arm-linux-androideabi/bin/ld" --sysroot=/Volumes/Elements/Library/Android/ndk-bundle/platforms/android-13/arch-arm -X --eh-frame-hdr -m armelf_linux_eabi -dynamic-linker /system/bin/linker -o cmTC_81841 /Volumes/Elements/Library/Android/ndk-bundle/platforms/android-13/arch-arm/usr/lib/../lib/crtbegin_dynamic.o -L/Volumes/Elements/Library/Android/ndk-bundle/toolchains/arm-linux-androideabi-4.9/prebuilt/darwin-x86_64/lib/gcc/arm-linux-androideabi/4.9.x -L/Volumes/Elements/Library/Android/ndk-bundle/toolchains/arm-linux-androideabi-4.9/prebuilt/darwin-x86_64/lib/gcc/arm-linux-androideabi/4.9.x/../../../../arm-linux-androideabi/lib/../lib -L/Volumes/Elements/Library/Android/ndk-bundle/platforms/android-13/arch-arm/usr/lib/../lib -L/Volumes/Elements/Library/Android/ndk-bundle/toolchains/arm-linux-androideabi-4.9/prebuilt/darwin-x86_64/lib/gcc/arm-linux-androideabi/4.9.x/../../../../arm-linux-androideabi/lib -L/Volumes/Elements/Library/Android/ndk-bundle/platforms/android-13/arch-arm/usr/lib --build-id --warn-shared-textrel --fatal-warnings --fix-cortex-a8 --no-undefined -z noexecstack -z relro -z now --gc-sections -z nocopyreloc --build-id --warn-shared-textrel --fatal-warnings --fix-cortex-a8 --no-undefined -z noexecstack -z relro -z now --gc-sections -z nocopyreloc CMakeFiles/cmTC_81841.dir/CMakeCXXCompilerABI.cpp.o -lstdc++ -lm -lgcc -lgcc -ldl -lc -lgcc -lgcc -ldl /Volumes/Elements/Library/Android/ndk-bundle/platforms/android-13/arch-arm/usr/lib/../lib/crtend_android.o]
    arg [/Volumes/Elements/Library/Android/ndk-bundle/toolchains/arm-linux-androideabi-4.9/prebuilt/darwin-x86_64/lib/gcc/arm-linux-androideabi/4.9.x/../../../../arm-linux-androideabi/bin/ld] ==> ignore
    arg [--sysroot=/Volumes/Elements/Library/Android/ndk-bundle/platforms/android-13/arch-arm] ==> ignore
    arg [-X] ==> ignore
    arg [--eh-frame-hdr] ==> ignore
    arg [-m] ==> ignore
    arg [armelf_linux_eabi] ==> ignore
    arg [-dynamic-linker] ==> ignore
    arg [/system/bin/linker] ==> ignore
    arg [-o] ==> ignore
    arg [cmTC_81841] ==> ignore
    arg [/Volumes/Elements/Library/Android/ndk-bundle/platforms/android-13/arch-arm/usr/lib/../lib/crtbegin_dynamic.o] ==> ignore
    arg [-L/Volumes/Elements/Library/Android/ndk-bundle/toolchains/arm-linux-androideabi-4.9/prebuilt/darwin-x86_64/lib/gcc/arm-linux-androideabi/4.9.x] ==> dir [/Volumes/Elements/Library/Android/ndk-bundle/toolchains/arm-linux-androideabi-4.9/prebuilt/darwin-x86_64/lib/gcc/arm-linux-androideabi/4.9.x]
    arg [-L/Volumes/Elements/Library/Android/ndk-bundle/toolchains/arm-linux-androideabi-4.9/prebuilt/darwin-x86_64/lib/gcc/arm-linux-androideabi/4.9.x/../../../../arm-linux-androideabi/lib/../lib] ==> dir [/Volumes/Elements/Library/Android/ndk-bundle/toolchains/arm-linux-androideabi-4.9/prebuilt/darwin-x86_64/lib/gcc/arm-linux-androideabi/4.9.x/../../../../arm-linux-androideabi/lib/../lib]
    arg [-L/Volumes/Elements/Library/Android/ndk-bundle/platforms/android-13/arch-arm/usr/lib/../lib] ==> dir [/Volumes/Elements/Library/Android/ndk-bundle/platforms/android-13/arch-arm/usr/lib/../lib]
    arg [-L/Volumes/Elements/Library/Android/ndk-bundle/toolchains/arm-linux-androideabi-4.9/prebuilt/darwin-x86_64/lib/gcc/arm-linux-androideabi/4.9.x/../../../../arm-linux-androideabi/lib] ==> dir [/Volumes/Elements/Library/Android/ndk-bundle/toolchains/arm-linux-androideabi-4.9/prebuilt/darwin-x86_64/lib/gcc/arm-linux-androideabi/4.9.x/../../../../arm-linux-androideabi/lib]
    arg [-L/Volumes/Elements/Library/Android/ndk-bundle/platforms/android-13/arch-arm/usr/lib] ==> dir [/Volumes/Elements/Library/Android/ndk-bundle/platforms/android-13/arch-arm/usr/lib]
    arg [--build-id] ==> ignore
    arg [--warn-shared-textrel] ==> ignore
    arg [--fatal-warnings] ==> ignore
    arg [--fix-cortex-a8] ==> ignore
    arg [--no-undefined] ==> ignore
    arg [-znoexecstack] ==> ignore
    arg [-zrelro] ==> ignore
    arg [-znow] ==> ignore
    arg [--gc-sections] ==> ignore
    arg [-znocopyreloc] ==> ignore
    arg [--build-id] ==> ignore
    arg [--warn-shared-textrel] ==> ignore
    arg [--fatal-warnings] ==> ignore
    arg [--fix-cortex-a8] ==> ignore
    arg [--no-undefined] ==> ignore
    arg [-znoexecstack] ==> ignore
    arg [-zrelro] ==> ignore
    arg [-znow] ==> ignore
    arg [--gc-sections] ==> ignore
    arg [-znocopyreloc] ==> ignore
    arg [CMakeFiles/cmTC_81841.dir/CMakeCXXCompilerABI.cpp.o] ==> ignore
    arg [-lstdc++] ==> lib [stdc++]
    arg [-lm] ==> lib [m]
    arg [-lgcc] ==> lib [gcc]
    arg [-lgcc] ==> lib [gcc]
    arg [-ldl] ==> lib [dl]
    arg [-lc] ==> lib [c]
    arg [-lgcc] ==> lib [gcc]
    arg [-lgcc] ==> lib [gcc]
    arg [-ldl] ==> lib [dl]
    arg [/Volumes/Elements/Library/Android/ndk-bundle/platforms/android-13/arch-arm/usr/lib/../lib/crtend_android.o] ==> ignore
  remove lib [gcc]
  remove lib [gcc]
  remove lib [gcc]
  remove lib [gcc]
  collapse library dir [/Volumes/Elements/Library/Android/ndk-bundle/toolchains/arm-linux-androideabi-4.9/prebuilt/darwin-x86_64/lib/gcc/arm-linux-androideabi/4.9.x] ==> [/Volumes/Elements/Library/Android/ndk-bundle/toolchains/arm-linux-androideabi-4.9/prebuilt/darwin-x86_64/lib/gcc/arm-linux-androideabi/4.9.x]
  collapse library dir [/Volumes/Elements/Library/Android/ndk-bundle/toolchains/arm-linux-androideabi-4.9/prebuilt/darwin-x86_64/lib/gcc/arm-linux-androideabi/4.9.x/../../../../arm-linux-androideabi/lib/../lib] ==> [/Volumes/Elements/Library/Android/ndk-bundle/toolchains/arm-linux-androideabi-4.9/prebuilt/darwin-x86_64/arm-linux-androideabi/lib]
  collapse library dir [/Volumes/Elements/Library/Android/ndk-bundle/platforms/android-13/arch-arm/usr/lib/../lib] ==> [/Volumes/Elements/Library/Android/ndk-bundle/platforms/android-13/arch-arm/usr/lib]
  collapse library dir [/Volumes/Elements/Library/Android/ndk-bundle/toolchains/arm-linux-androideabi-4.9/prebuilt/darwin-x86_64/lib/gcc/arm-linux-androideabi/4.9.x/../../../../arm-linux-androideabi/lib] ==> [/Volumes/Elements/Library/Android/ndk-bundle/toolchains/arm-linux-androideabi-4.9/prebuilt/darwin-x86_64/arm-linux-androideabi/lib]
  collapse library dir [/Volumes/Elements/Library/Android/ndk-bundle/platforms/android-13/arch-arm/usr/lib] ==> [/Volumes/Elements/Library/Android/ndk-bundle/platforms/android-13/arch-arm/usr/lib]
  implicit libs: [stdc++;m;dl;c;dl]
  implicit dirs: [/Volumes/Elements/Library/Android/ndk-bundle/toolchains/arm-linux-androideabi-4.9/prebuilt/darwin-x86_64/lib/gcc/arm-linux-androideabi/4.9.x;/Volumes/Elements/Library/Android/ndk-bundle/toolchains/arm-linux-androideabi-4.9/prebuilt/darwin-x86_64/arm-linux-androideabi/lib;/Volumes/Elements/Library/Android/ndk-bundle/platforms/android-13/arch-arm/usr/lib]
  implicit fwks: []


